Arguments: 
  /usr/local/bin/node /usr/local/bin/yarn add @react-hook/window-size

PATH: 
  /Library/Frameworks/Python.framework/Versions/3.10/bin:/opt/homebrew/bin:/opt/homebrew/sbin:/usr/local/bin:/usr/bin:/bin:/usr/sbin:/sbin:/usr/local/go/bin:/usr/local/mysql/bin:/Library/Apple/usr/bin:/Library/Frameworks/Mono.framework/Versions/Current/Commands:/Library/Frameworks/Python.framework/Versions/3.10/bin:/opt/homebrew/bin:/opt/homebrew/sbin

Yarn version: 
  1.22.19

Node version: 
  16.15.1

Platform: 
  darwin arm64

Trace: 
  Error: connect ENETUNREACH 104.16.24.35:443 - Local (0.0.0.0:60707)
      at internalConnect (node:net:953:16)
      at defaultTriggerAsyncIdScope (node:internal/async_hooks:465:18)
      at emitLookup (node:net:1097:9)
      at /usr/local/lib/node_modules/yarn/lib/cli.js:103587:28
      at /usr/local/lib/node_modules/yarn/lib/cli.js:103496:13
      at RawTask.module.exports.RawTask.call (/usr/local/lib/node_modules/yarn/lib/cli.js:79584:19)
      at flush (/usr/local/lib/node_modules/yarn/lib/cli.js:79666:29)
      at processTicksAndRejections (node:internal/process/task_queues:78:11)

npm manifest: 
  {
    "private": true,
    "scripts": {
      "dev": "next dev",
      "build": "next build",
      "start": "next start"
    },
    "dependencies": {
      "@react-hook/window-size": "^3.1.1",
      "next": "^13.0.2",
      "react": "18.2.0",
      "react-dom": "18.2.0"
    },
    "devDependencies": {
      "@types/node": "18.11.3",
      "@types/react": "18.0.21",
      "@types/react-dom": "18.0.6",
      "autoprefixer": "^10.4.12",
      "postcss": "^8.4.18",
      "tailwindcss": "^3.2.1",
      "typescript": "4.8.4"
    }
  }

yarn manifest: 
  No manifest

Lockfile: 
  No lockfile
